<?xml version="1.0" encoding="UTF-8"?>
<!-- Generated by org.testng.reporters.JUnitReportReporter -->
<testsuite hostname="NirmalLaptop" failures="0" tests="1" name="Scripts.TestCase1" time="10.533" errors="0" timestamp="2023-09-06T13:41:12 SGT" skipped="0">
  <testcase classname="Scripts.TestCase1" name="tc1" time="10.533"/>
</testsuite> <!-- Scripts.TestCase1 -->
